<?xml version="1.0" encoding="UTF-8" ?>
<testsuite tests="2" failures="0" name="com.amazonaws.handler.DeleteOrderHandlerTest" time="0.033" errors="0" skipped="0">
  <properties>
[...]
</properties>
  <testcase classname="com.amazonaws.handler.DeleteOrderHandlerTest" name="handleRequest_whenDeleteOrderInputStreamHasNoMappedOrderIdPathParam_puts400InOutputStream" time="0.019"/>
  <testcase classname="com.amazonaws.handler.DeleteOrderHandlerTest" name="handleRequest_whenDeleteOrderInputStreamEmpty_puts400InOutputStream" time="0.014"/>
</testsuite>