<?xml version="1.0" encoding="UTF-8" ?>
<testsuite tests="46" failures="0" name="com.amazon.dao.OrderDaoTest" time="1.005" errors="0" skipped="0">
  <properties>
[...]
</properties>
  <testcase classname="com.amazon.dao.OrderDaoTest" name="updateOrder_whenVersionNull_throwsIllegalArgumentException" time="0.082"/>
  <testcase classname="com.amazon.dao.OrderDaoTest" name="createOrder_whenRequestNull_throwsIllegalArgumentException" time="0.001"/>
  <testcase classname="com.amazon.dao.OrderDaoTest" name="getOrders_whenTableNotEmpty_butLastEvaluatedKeyHasOrderIdSetToUnsetAv_throwsIllegalStateException" time="0.33"/>
  <testcase classname="com.amazon.dao.OrderDaoTest" name="getOrder_whenGetItemReturnsHashMapWithUnsetPreTaxAV_throwsIllegalStateException" time="0.039"/>
  <testcase classname="com.amazon.dao.OrderDaoTest" name="updateOrder_whenTableDoesNotExist_throwsTableDoesNotExistException" time="0.093"/>
  <testcase classname="com.amazon.dao.OrderDaoTest" name="getOrder_whenGetItemReturnsHashMapWithUnsetPostTaxAV_throwsIllegalStateException" time="0.002"/>
  <testcase classname="com.amazon.dao.OrderDaoTest" name="getOrder_whenGetItemReturnsHashMapWithUnsetOrderIdAV_throwsIllegalStateException" time="0.001"/>
  <testcase classname="com.amazon.dao.OrderDaoTest" name="deleteOrder_whenDeleteItemReturnsNull_throwsIllegalStateException" time="0.034"/>
  <testcase classname="com.amazon.dao.OrderDaoTest" name="getOrder_whenTableDoesNotExist_throwsTableDoesNotExistException" time="0"/>
  <testcase classname="com.amazon.dao.OrderDaoTest" name="getOrders_whenTableNotEmpty_returnsPage" time="0.002"/>
  <testcase classname="com.amazon.dao.OrderDaoTest" name="getOrder_whenGetItemReturnsHashMapWithVersionOfWrongType_throwsIllegalStateException" time="0.01"/>
  <testcase classname="com.amazon.dao.OrderDaoTest" name="updateOrder_whenPreTaxAmountNull_throwsIllegalArgumentException" time="0.001"/>
  <testcase classname="com.amazon.dao.OrderDaoTest" name="getOrders_whenTableDoesNotExist_throwsTableDoesNotExistException" time="0.004"/>
  <testcase classname="com.amazon.dao.OrderDaoTest" name="updateOrder_whenPostTaxAmountNull_throwsIllegalArgumentException" time="0.002"/>
  <testcase classname="com.amazon.dao.OrderDaoTest" name="getOrder_whenOrderExists_returnsOrder" time="0.006"/>
  <testcase classname="com.amazon.dao.OrderDaoTest" name="getOrder_whenGetItemReturnsHashMapWithInvalidPostTax_throwsIllegalStateException" time="0.005"/>
  <testcase classname="com.amazon.dao.OrderDaoTest" name="updateOrder_whenTableDoesNotExistOnLoadItem_throwsTableDoesNotExistException" time="0.003"/>
  <testcase classname="com.amazon.dao.OrderDaoTest" name="updateOrder_whenAllNotSet_throwsIllegalArgumentException" time="0.002"/>
  <testcase classname="com.amazon.dao.OrderDaoTest" name="getOrders_whenTableNotEmpty_butLastEvaluatedKeyHasOrderIdSetToEmptyString_throwsIllegalStateException" time="0.007"/>
  <testcase classname="com.amazon.dao.OrderDaoTest" name="createOrder_whenOrderDoesNotExist_createsOrderWithPopulatedOrderId" time="0.24"/>
  <testcase classname="com.amazon.dao.OrderDaoTest" name="getOrder_whenGetItemReturnsHashMapWithUnsetVersionAV_throwsIllegalStateException" time="0.002"/>
  <testcase classname="com.amazon.dao.OrderDaoTest" name="getOrder_whenGetItemReturnsHashMapWithInvalidVersion_throwsIllegalStateException" time="0.002"/>
  <testcase classname="com.amazon.dao.OrderDaoTest" name="getOrder_whenGetItemReturnsHashMapWithEmptyCustomerId_throwsIllegalStateException" time="0.002"/>
  <testcase classname="com.amazon.dao.OrderDaoTest" name="createOrder_whenAlreadyExists_throwsCouldNotCreateOrderException" time="0.035"/>
  <testcase classname="com.amazon.dao.OrderDaoTest" name="updateOrder_whenOrderIdSetButEmpty_throwsIllegalArgumentException" time="0.001"/>
  <testcase classname="com.amazon.dao.OrderDaoTest" name="deleteOrder_whenTableDoesNotExist_throwsTableDoesNotExistException" time="0.004"/>
  <testcase classname="com.amazon.dao.OrderDaoTest" name="deleteOrder_whenDeleteItemReturnsOkOrderItem_returnsDeletedOrder" time="0.012"/>
  <testcase classname="com.amazon.dao.OrderDaoTest" name="getOrder_whenGetItemReturnsHashMapWithUnsetCustomerIdAV_throwsIllegalStateException" time="0"/>
  <testcase classname="com.amazon.dao.OrderDaoTest" name="getOrder_whenGetItemReturnsHashMapWithPreTaxWrongType_throwsIllegalStateException" time="0"/>
  <testcase classname="com.amazon.dao.OrderDaoTest" name="getOrders_whenTableEmpty_returnsEmptyPage" time="0.002"/>
  <testcase classname="com.amazon.dao.OrderDaoTest" name="updateOrder_whenAllSet_returnsUpdate" time="0.016"/>
  <testcase classname="com.amazon.dao.OrderDaoTest" name="getOrder_whenGetItemReturnsHashMapWithEmptyOrderId_throwsIllegalStateException" time="0.008"/>
  <testcase classname="com.amazon.dao.OrderDaoTest" name="createOrder_whenTableDoesNotExist_throwsTableDoesNotExistException" time="0.004"/>
  <testcase classname="com.amazon.dao.OrderDaoTest" name="getOrder_whenGetItemReturnsEmptyHashMap_throwsIllegalStateException" time="0.003"/>
  <testcase classname="com.amazon.dao.OrderDaoTest" name="getOrder_whenGetItemReturnsHashMapWithInvalidPreTax_throwsIllegalStateException" time="0.018"/>
  <testcase classname="com.amazon.dao.OrderDaoTest" name="deleteOrder_whenVersionMismatch_throwsUnableToDeleteException" time="0.003"/>
  <testcase classname="com.amazon.dao.OrderDaoTest" name="updateOrder_whenVersionMismatch_throwsUnableToUpdateException" time="0.004"/>
  <testcase classname="com.amazon.dao.OrderDaoTest" name="getOrder_whenGetItemReturnsHashMapWithPostTaxWrongType_throwsIllegalStateException" time="0.003"/>
  <testcase classname="com.amazon.dao.OrderDaoTest" name="deleteOrder_whenDeleteItemReturnsEmptyAttributes_throwsIllegalStateException" time="0.003"/>
  <testcase classname="com.amazon.dao.OrderDaoTest" name="getOrder_whenGetItemReturnsHashMapWithOrderIdWrongType_throwsIllegalStateException" time="0.004"/>
  <testcase classname="com.amazon.dao.OrderDaoTest" name="updateOrder_whenOrderIsNull_throwsIllegalArgumentException" time="0.001"/>
  <testcase classname="com.amazon.dao.OrderDaoTest" name="getOrder_whenGetItemReturnsHashMapWithCustomerIdWrongType_throwsIllegalStateException" time="0.003"/>
  <testcase classname="com.amazon.dao.OrderDaoTest" name="getOrder_whenOrderDoesNotExist_throwsOrderDoesNotExist" time="0.002"/>
  <testcase classname="com.amazon.dao.OrderDaoTest" name="updateOrder_whenCustomerIdSetButEmpty_throwsIllegalArgumentException" time="0.001"/>
  <testcase classname="com.amazon.dao.OrderDaoTest" name="deleteOrder_whenDeleteItemReturnsNoAttributes_throwsIllegalStateException" time="0.003"/>
  <testcase classname="com.amazon.dao.OrderDaoTest" name="getOrders_whenTableNotEmpty_butLastEvaluatedKeyHasOrderIdSetToWrongType_throwsIllegalStateException" time="0.005"/>
</testsuite>